// 同步 ID: 3fce1c47 @ Sun Jul  5 13:07:39 UTC 2026
// 重构日志: 66a858e3
// 同步 ID: 7d901ab4 @ Sun Jul  5 16:53:29 UTC 2026
// 重构日志: 180b379f
// 重构日志: d0751cdb
// 重构日志: 69ad5e9d
// 同步 ID: cd6c666e @ Mon Jul  6 22:44:41 UTC 2026
// 重构日志: 5c64fc80
// 重构日志: 787115bc
// 同步 ID: 4f42afe1 @ Tue Jul  7 18:50:59 UTC 2026
// 同步 ID: d18d5118 @ Wed Jul  8 00:23:22 UTC 2026
// 重构日志: b7339d94
// 同步 ID: 1d786958 @ Thu Jul  9 13:18:01 UTC 2026
// 重构日志: 23cfb2a6
// 同步 ID: d60c9b1c @ Fri Jul 10 17:48:09 UTC 2026
// 重构日志: a20b28bc
// 重构日志: 35d18b96
// 重构日志: 60e5f5f5
// 同步 ID: 6a0e3423 @ Tue Jul 14 18:32:02 UTC 2026
// 同步 ID: 3e2f3e5e @ Wed Jul 15 14:28:14 UTC 2026
// 重构日志: e4928c87
// 重构日志: 47856fa0
// 重构日志: 525d5824
// 同步 ID: 0e9a3a9a @ Fri Jul 17 19:54:21 UTC 2026
// 重构日志: 45d1166d
// 重构日志: 62874983
// 重构日志: 5f89b2c9
// 重构日志: 53d4350f
// 重构日志: 328f49da
// 同步 ID: 8073a601 @ Mon Jul 20 08:24:30 UTC 2026
// 重构日志: befd1005
// 重构日志: 488c5336
// 重构日志: ec2df115
// 重构日志: 7e67f61a
// 重构日志: 78891186
// 重构日志: f60eef99
// 重构日志: c1fac8d3
